emuipush/build/outputs/logs/manifest-merger-debug-report.txt
-- Merging decision tree log ---
manifest
ADDED from src\main\AndroidManifest.xml:1:1-185:12
INJECTED from src\main\AndroidManifest.xml:1:1-185:12
INJECTED from src\main\AndroidManifest.xml:1:1-185:12
INJECTED from src\main\AndroidManifest.xml:1:1-185:12
INJECTED from src\main\AndroidManifest.xml:1:1-185:12
INJECTED from src\main\AndroidManifest.xml:1:1-185:12
INJECTED from src\main\AndroidManifest.xml:1:1-185:12
	package
		ADDED from src\main\AndroidManifest.xml:2:5-44
		INJECTED from src\main\AndroidManifest.xml
		INJECTED from src\main\AndroidManifest.xml
	android:versionName
		INJECTED from src\main\AndroidManifest.xml
		ADDED from src\main\AndroidManifest.xml:1:1-185:12
		INJECTED from src\main\AndroidManifest.xml
	android:versionCode
		INJECTED from src\main\AndroidManifest.xml
		ADDED from src\main\AndroidManifest.xml:1:1-185:12
		INJECTED from src\main\AndroidManifest.xml
	xmlns:android
		ADDED from src\main\AndroidManifest.xml:1:11-69
uses-permission#android.permission.INTERNET
ADDED from src\main\AndroidManifest.xml:8:5-67
	android:name
		ADDED from src\main\AndroidManifest.xml:8:22-64
uses-permission#android.permission.WRITE_EXTERNAL_STORAGE
ADDED from src\main\AndroidManifest.xml:10:5-81
	android:name
		ADDED from src\main\AndroidManifest.xml:10:22-78
uses-permission#android.permission.ACCESS_NETWORK_STATE
ADDED from src\main\AndroidManifest.xml:12:5-79
	android:name
		ADDED from src\main\AndroidManifest.xml:12:22-76
uses-permission#android.permission.ACCESS_WIFI_STATE
ADDED from src\main\AndroidManifest.xml:14:5-76
	android:name
		ADDED from src\main\AndroidManifest.xml:14:22-73
uses-permission#android.permission.READ_PHONE_STATE
ADDED from src\main\AndroidManifest.xml:16:5-75
	android:name
		ADDED from src\main\AndroidManifest.xml:16:22-72
application
ADDED from src\main\AndroidManifest.xml:18:5-182:19
meta-data#com.huawei.hms.client.appid
ADDED from src\main\AndroidManifest.xml:24:9-26:48
	android:value
		ADDED from src\main\AndroidManifest.xml:26:13-45
	android:name
		ADDED from src\main\AndroidManifest.xml:25:13-55
provider#com.huawei.hms.update.provider.UpdateProvider
ADDED from src\main\AndroidManifest.xml:38:9-42:50
	android:grantUriPermissions
		ADDED from src\main\AndroidManifest.xml:42:13-47
	android:authorities
		ADDED from src\main\AndroidManifest.xml:40:13-74
	android:exported
		ADDED from src\main\AndroidManifest.xml:41:13-37
	android:name
		ADDED from src\main\AndroidManifest.xml:39:13-73
provider#com.huawei.updatesdk.fileprovider.UpdateSdkFileProvider
ADDED from src\main\AndroidManifest.xml:46:9-50:59
	android:grantUriPermissions
		ADDED from src\main\AndroidManifest.xml:50:13-47
	android:authorities
		ADDED from src\main\AndroidManifest.xml:48:13-77
	android:exported
		ADDED from src\main\AndroidManifest.xml:49:13-37
	android:name
		ADDED from src\main\AndroidManifest.xml:47:13-83
activity#com.huawei.android.hms.agent.common.HMSAgentActivity
ADDED from src\main\AndroidManifest.xml:65:9-75:20
	android:excludeFromRecents
		ADDED from src\main\AndroidManifest.xml:68:13-46
	android:hardwareAccelerated
		ADDED from src\main\AndroidManifest.xml:70:13-47
	android:exported
		ADDED from src\main\AndroidManifest.xml:69:13-37
	android:configChanges
		ADDED from src\main\AndroidManifest.xml:67:13-92
	android:theme
		ADDED from src\main\AndroidManifest.xml:71:13-61
	android:name
		ADDED from src\main\AndroidManifest.xml:66:13-80
meta-data#hwc-theme
ADDED from src\main\AndroidManifest.xml:72:13-74:77
	android:value
		ADDED from src\main\AndroidManifest.xml:74:17-74
	android:name
		ADDED from src\main\AndroidManifest.xml:73:17-41
activity#com.huawei.android.hms.agent.pay.HMSPayAgentActivity
ADDED from src\main\AndroidManifest.xml:78:9-88:20
	android:excludeFromRecents
		ADDED from src\main\AndroidManifest.xml:81:13-46
	android:hardwareAccelerated
		ADDED from src\main\AndroidManifest.xml:83:13-47
	android:exported
		ADDED from src\main\AndroidManifest.xml:82:13-37
	android:configChanges
		ADDED from src\main\AndroidManifest.xml:80:13-92
	android:theme
		ADDED from src\main\AndroidManifest.xml:84:13-61
	android:name
		ADDED from src\main\AndroidManifest.xml:79:13-80
activity#com.huawei.android.hms.agent.pay.HMSPMSPayAgentActivity
ADDED from src\main\AndroidManifest.xml:91:9-101:20
	android:excludeFromRecents
		ADDED from src\main\AndroidManifest.xml:94:13-46
	android:hardwareAccelerated
		ADDED from src\main\AndroidManifest.xml:96:13-47
	android:exported
		ADDED from src\main\AndroidManifest.xml:95:13-37
	android:configChanges
		ADDED from src\main\AndroidManifest.xml:93:13-92
	android:theme
		ADDED from src\main\AndroidManifest.xml:97:13-61
	android:name
		ADDED from src\main\AndroidManifest.xml:92:13-83
activity#com.huawei.android.hms.agent.hwid.HMSSignInAgentActivity
ADDED from src\main\AndroidManifest.xml:104:9-114:20
	android:excludeFromRecents
		ADDED from src\main\AndroidManifest.xml:107:13-46
	android:hardwareAccelerated
		ADDED from src\main\AndroidManifest.xml:109:13-47
	android:exported
		ADDED from src\main\AndroidManifest.xml:108:13-37
	android:configChanges
		ADDED from src\main\AndroidManifest.xml:106:13-92
	android:theme
		ADDED from src\main\AndroidManifest.xml:110:13-61
	android:name
		ADDED from src\main\AndroidManifest.xml:105:13-84
activity#com.huawei.hms.activity.BridgeActivity
ADDED from src\main\AndroidManifest.xml:117:9-127:20
	android:excludeFromRecents
		ADDED from src\main\AndroidManifest.xml:120:13-46
	android:hardwareAccelerated
		ADDED from src\main\AndroidManifest.xml:122:13-47
	android:exported
		ADDED from src\main\AndroidManifest.xml:121:13-37
	android:configChanges
		ADDED from src\main\AndroidManifest.xml:119:13-92
	android:theme
		ADDED from src\main\AndroidManifest.xml:123:13-61
	android:name
		ADDED from src\main\AndroidManifest.xml:118:13-66
activity#com.huawei.updatesdk.service.otaupdate.AppUpdateActivity
ADDED from src\main\AndroidManifest.xml:130:9-138:20
	android:exported
		ADDED from src\main\AndroidManifest.xml:133:13-37
	android:configChanges
		ADDED from src\main\AndroidManifest.xml:132:13-59
	android:theme
		ADDED from src\main\AndroidManifest.xml:134:13-49
	android:name
		ADDED from src\main\AndroidManifest.xml:131:13-84
activity#com.huawei.updatesdk.support.pm.PackageInstallerActivity
ADDED from src\main\AndroidManifest.xml:141:9-149:20
	android:exported
		ADDED from src\main\AndroidManifest.xml:144:13-37
	android:configChanges
		ADDED from src\main\AndroidManifest.xml:143:13-74
	android:theme
		ADDED from src\main\AndroidManifest.xml:145:13-49
	android:name
		ADDED from src\main\AndroidManifest.xml:142:13-84
receiver#com.huawei.hms.support.api.push.PushEventReceiver
ADDED from src\main\AndroidManifest.xml:172:9-176:20
	android:name
		ADDED from src\main\AndroidManifest.xml:172:19-83
intent-filter#action:name:com.huawei.intent.action.PUSH
ADDED from src\main\AndroidManifest.xml:173:13-175:29
action#com.huawei.intent.action.PUSH
ADDED from src\main\AndroidManifest.xml:174:17-72
	android:name
		ADDED from src\main\AndroidManifest.xml:174:25-69
service#com.huawei.updatesdk.service.deamon.download.DownloadService
ADDED from src\main\AndroidManifest.xml:179:9-181:40
	android:exported
		ADDED from src\main\AndroidManifest.xml:181:13-37
	android:name
		ADDED from src\main\AndroidManifest.xml:180:13-88
uses-sdk
INJECTED from src\main\AndroidManifest.xml reason: use-sdk injection requested
INJECTED from src\main\AndroidManifest.xml
INJECTED from src\main\AndroidManifest.xml
INJECTED from src\main\AndroidManifest.xml
INJECTED from src\main\AndroidManifest.xml
	android:targetSdkVersion
		INJECTED from src\main\AndroidManifest.xml
		ADDED from src\main\AndroidManifest.xml
		INJECTED from src\main\AndroidManifest.xml
	android:minSdkVersion
		INJECTED from src\main\AndroidManifest.xml
		ADDED from src\main\AndroidManifest.xml
		INJECTED from src\main\AndroidManifest.xml